<?xml version="1.0" encoding="UTF-8"?>
<!-- Generated by org.testng.reporters.JUnitXMLReporter -->
<testsuite hostname="qaint" ignored="0" name="Test2" tests="12" failures="1" timestamp="01 Jul 2019 17:36:27 GMT" time="84.789" errors="0">
  <testcase name="loginNegative" time="13.244" classname="clo.LoginPage"/>
  <testcase name="loginPositive" time="14.371" classname="clo.LoginPage"/>
  <testcase name="createNewAppointment" time="10.363" classname="clo.LoginPage"/>
  <testcase name="createApptSameTime" time="10.267" classname="clo.LoginPage"/>
  <testcase name="updateAppointment" time="7.4" classname="clo.LoginPage"/>
  <testcase name="deleteAppointment" time="1.296" classname="clo.LoginPage"/>
  <testcase name="newMessageSent" time="5.599" classname="clo.LoginPage"/>
  <testcase name="newMessageReply" time="4.303" classname="clo.LoginPage"/>
  <testcase name="deleteMessage" time="2.464" classname="clo.LoginPage"/>
  <testcase name="checksReadyToPrint" time="5.338" classname="clo.LoginPage"/>
  <testcase name="checksRegister" time="6.822" classname="clo.LoginPage"/>
  <testcase name="voidCheck" time="3.28" classname="clo.LoginPage">
    <failure type="org.openqa.selenium.remote.UnreachableBrowserException" message="Error communicating with the remote browser. It may have died.
Build info: version: &amp;apos;2.53.0&amp;apos;, revision: &amp;apos;35ae25b1534ae328c771e0856c93e187490ca824&amp;apos;, time: &amp;apos;2016-03-15 10:43:46&amp;apos;
System info: host: &amp;apos;qaint&amp;apos;, ip: &amp;apos;89.0.1.156&amp;apos;, os.name: &amp;apos;Windows Server 2012&amp;apos;, os.arch: &amp;apos;amd64&amp;apos;, os.version: &amp;apos;6.2&amp;apos;, java.version: &amp;apos;1.8.0_171&amp;apos;
Driver info: driver.version: RemoteWebDriver
Capabilities [{applicationCacheEnabled=false, rotatable=false, mobileEmulationEnabled=false, networkConnectionEnabled=false, chrome={chromedriverVersion=2.39.562718 (9a2698cba08cf5a471a29d30c8b3e12becabb0e9), userDataDir=C:\Users\SSREEN~1\AppData\Local\Temp\4\scoped_dir3800_24898}, takesHeapSnapshot=true, pageLoadStrategy=normal, databaseEnabled=false, handlesAlerts=true, hasTouchScreen=false, version=75.0.3770.100, platform=WIN8, browserConnectionEnabled=false, nativeEvents=true, acceptSslCerts=false, acceptInsecureCerts=false, locationContextEnabled=true, webStorageEnabled=true, browserName=chrome, takesScreenshot=true, javascriptEnabled=true, cssSelectorsEnabled=true, setWindowRect=true, unexpectedAlertBehaviour=}]
Session ID: 893b2256394dc9eaae3673d93ff6c606">
      <![CDATA[org.openqa.selenium.remote.UnreachableBrowserException: Error communicating with the remote browser. It may have died.
Build info: version: '2.53.0', revision: '35ae25b1534ae328c771e0856c93e187490ca824', time: '2016-03-15 10:43:46'
System info: host: 'qaint', ip: '89.0.1.156', os.name: 'Windows Server 2012', os.arch: 'amd64', os.version: '6.2', java.version: '1.8.0_171'
Driver info: driver.version: RemoteWebDriver
Capabilities [{applicationCacheEnabled=false, rotatable=false, mobileEmulationEnabled=false, networkConnectionEnabled=false, chrome={chromedriverVersion=2.39.562718 (9a2698cba08cf5a471a29d30c8b3e12becabb0e9), userDataDir=C:\Users\SSREEN~1\AppData\Local\Temp\4\scoped_dir3800_24898}, takesHeapSnapshot=true, pageLoadStrategy=normal, databaseEnabled=false, handlesAlerts=true, hasTouchScreen=false, version=75.0.3770.100, platform=WIN8, browserConnectionEnabled=false, nativeEvents=true, acceptSslCerts=false, acceptInsecureCerts=false, locationContextEnabled=true, webStorageEnabled=true, browserName=chrome, takesScreenshot=true, javascriptEnabled=true, cssSelectorsEnabled=true, setWindowRect=true, unexpectedAlertBehaviour=}]
Session ID: 893b2256394dc9eaae3673d93ff6c606
at org.openqa.selenium.remote.RemoteWebDriver.execute(RemoteWebDriver.java:665)
at org.openqa.selenium.remote.RemoteWebDriver.execute(RemoteWebDriver.java:701)
at org.openqa.selenium.remote.RemoteWebDriver.quit(RemoteWebDriver.java:526)
at clo.LoginPage.voidCheck(LoginPage.java:318)
Caused by: java.lang.RuntimeException: Process refused to die after 10 seconds, and couldn't taskkill it: Unable to find executable for: taskkill
at org.openqa.selenium.os.ProcessUtils.killWinProcess(ProcessUtils.java:143)
at org.openqa.selenium.os.ProcessUtils.killProcess(ProcessUtils.java:81)
at org.openqa.selenium.os.UnixProcess$SeleniumWatchDog.destroyHarder(UnixProcess.java:247)
at org.openqa.selenium.os.UnixProcess$SeleniumWatchDog.access$200(UnixProcess.java:201)
at org.openqa.selenium.os.UnixProcess.destroy(UnixProcess.java:125)
at org.openqa.selenium.os.CommandLine.destroy(CommandLine.java:155)
at org.openqa.selenium.remote.service.DriverService.stop(DriverService.java:196)
at org.openqa.selenium.remote.service.DriverCommandExecutor.execute(DriverCommandExecutor.java:94)
at org.openqa.selenium.remote.RemoteWebDriver.execute(RemoteWebDriver.java:644)
... 28 more
Caused by: java.lang.NullPointerException: Unable to find executable for: taskkill
at com.google.common.base.Preconditions.checkNotNull(Preconditions.java:251)
at org.openqa.selenium.os.UnixProcess.<init>(UnixProcess.java:62)
at org.openqa.selenium.os.CommandLine.<init>(CommandLine.java:38)
at org.openqa.selenium.os.WindowsUtils.killPID(WindowsUtils.java:178)
at org.openqa.selenium.os.ProcessUtils.killWinProcess(ProcessUtils.java:138)
... 36 more
... Removed 25 stack frames]]>
    </failure>
  </testcase> <!-- voidCheck -->
</testsuite> <!-- Test2 -->
