<?xml version="1.0" encoding="UTF-8"?>
<!-- Generated by org.testng.reporters.JUnitXMLReporter -->
<testsuite hostname="qaint" name="Default test" tests="1" failures="0" timestamp="27 Mar 2019 21:45:17 GMT" time="0.033" errors="0">
  <testcase name="@BeforeTest login" time="0.0" classname="clo.AddaNewReturn">
    <failure type="org.testng.TestNGException" message="
Parameter &amp;apos;env&amp;apos; is required by @Configuration on method login but has not been marked @Optional or defined
in C:\Users\ssreenivasan\AppData\Local\Temp\2\testng-eclipse-622078819\testng-customsuite.xml">
      <![CDATA[org.testng.TestNGException: 
Parameter 'env' is required by @Configuration on method login but has not been marked @Optional or defined
in C:\Users\ssreenivasan\AppData\Local\Temp\2\testng-eclipse-622078819\testng-customsuite.xml
	at org.testng.internal.Parameters.createParameters(Parameters.java:155)
	at org.testng.internal.Parameters.createParameters(Parameters.java:355)
	at org.testng.internal.Parameters.createConfigurationParameters(Parameters.java:86)
	at org.testng.internal.Invoker.invokeConfigurations(Invoker.java:199)
	at org.testng.internal.Invoker.invokeConfigurations(Invoker.java:138)
	at org.testng.TestRunner.beforeRun(TestRunner.java:641)
	at org.testng.TestRunner.run(TestRunner.java:609)
	at org.testng.SuiteRunner.runTest(SuiteRunner.java:334)
	at org.testng.SuiteRunner.runSequentially(SuiteRunner.java:329)
	at org.testng.SuiteRunner.privateRun(SuiteRunner.java:291)
	at org.testng.SuiteRunner.run(SuiteRunner.java:240)
	at org.testng.SuiteRunnerWorker.runSuite(SuiteRunnerWorker.java:52)
	at org.testng.SuiteRunnerWorker.run(SuiteRunnerWorker.java:86)
	at org.testng.TestNG.runSuitesSequentially(TestNG.java:1198)
	at org.testng.TestNG.runSuitesLocally(TestNG.java:1123)
	at org.testng.TestNG.run(TestNG.java:1031)
	at org.testng.remote.AbstractRemoteTestNG.run(AbstractRemoteTestNG.java:114)
	at org.testng.remote.RemoteTestNG.initAndRun(RemoteTestNG.java:251)
	at org.testng.remote.RemoteTestNG.main(RemoteTestNG.java:77)
]]>
    </failure>
  </testcase> <!-- @BeforeTest login -->
  <testcase name="@AfterClass teardown" time="0.0" classname="clo.AddaNewReturn">
    <skipped/>
  </testcase> <!-- @AfterClass teardown -->
  <testcase name="addareturn" time="0.017" classname="clo.AddaNewReturn">
    <skipped/>
  </testcase> <!-- addareturn -->
</testsuite> <!-- Default test -->
