<?xml version="1.0" encoding="UTF-8"?>
<!-- Generated by org.testng.reporters.JUnitXMLReporter -->
<testsuite hostname="coyote" ignored="0" name="Default test" tests="11" failures="0" timestamp="28 Aug 2019 20:22:09 GMT" time="58.316" errors="0">
  <testcase name="loginPositive" time="12.262" classname="clo.LoginPage"/>
  <testcase name="createNewAppointment" time="6.973" classname="clo.LoginPage"/>
  <testcase name="createApptSameTime" time="8.32" classname="clo.LoginPage"/>
  <testcase name="PasttimeAppointment" time="3.512" classname="clo.LoginPage"/>
  <testcase name="deleteAppointment" time="1.152" classname="clo.LoginPage"/>
  <testcase name="deleteSecondAppointment" time="2.135" classname="clo.LoginPage"/>
  <testcase name="newMessageSent" time="4.601" classname="clo.LoginPage"/>
  <testcase name="newMessageReply" time="3.78" classname="clo.LoginPage"/>
  <testcase name="checksReadyToPrint" time="4.845" classname="clo.LoginPage"/>
  <testcase name="checksRegister" time="6.617" classname="clo.LoginPage"/>
  <testcase name="voidCheck" time="1.772" classname="clo.LoginPage"/>
</testsuite> <!-- Default test -->
