<?xml version="1.0" encoding="UTF-8"?>
<!-- Generated by org.testng.reporters.JUnitXMLReporter -->
<testsuite hostname="qaint" name="qa" tests="1" failures="0" timestamp="1 Apr 2019 16:16:56 GMT" time="14.101" errors="0">
  <testcase name="@BeforeTest login" time="0.0" classname="clo.AddaNewReturn">
    <failure type="java.lang.NullPointerException">
      <![CDATA[java.lang.NullPointerException
	at clo.AddaNewReturn.login(AddaNewReturn.java:192)
... Removed 22 stack frames]]>
    </failure>
  </testcase> <!-- @BeforeTest login -->
  <testcase name="@AfterClass teardown" time="0.0" classname="clo.AddaNewReturn">
    <skipped/>
  </testcase> <!-- @AfterClass teardown -->
  <testcase name="addareturn" time="0.0" classname="clo.AddaNewReturn">
    <skipped/>
  </testcase> <!-- addareturn -->
</testsuite> <!-- qa -->
