<?xml version="1.0" encoding="UTF-8"?>
<!-- Generated by org.testng.reporters.JUnitXMLReporter -->
<testsuite hostname="qaint" ignored="0" name="testinqa" tests="1" failures="0" timestamp="29 Jul 2019 21:44:16 GMT" time="7.525" errors="0">
  <testcase name="@BeforeTest login" time="7.492" classname="clo.AddaNewReturn">
    <failure type="org.openqa.selenium.WebDriverException" message="unknown error: Element &amp;lt;button tabindex=&amp;quot;-1&amp;quot; class=&amp;quot;jss194 jss195 jss213 jss224 jss225 jss227 jss228 jss233&amp;quot; type=&amp;quot;submit&amp;quot; disabled=&amp;quot;&amp;quot; id=&amp;quot;btnLoginButtonLogin&amp;quot; style=&amp;quot;padding: 0px 30px;&amp;quot;&amp;gt;...&amp;lt;/button&amp;gt; is not clickable at point (1380, 505). Other element would receive the click: &amp;lt;div id=&amp;quot;divLoginButtonLogin&amp;quot; style=&amp;quot;text-align: right;&amp;quot;&amp;gt;...&amp;lt;/div&amp;gt;
  (Session info: chrome=75.0.3770.142)
  (Driver info: chromedriver=2.39.562718 (9a2698cba08cf5a471a29d30c8b3e12becabb0e9),platform=Windows NT 6.2.9200 x86_64) (WARNING: The server did not provide any stacktrace information)
Command duration or timeout: 67 milliseconds
Build info: version: &amp;apos;2.53.0&amp;apos;, revision: &amp;apos;35ae25b1534ae328c771e0856c93e187490ca824&amp;apos;, time: &amp;apos;2016-03-15 10:43:46&amp;apos;
System info: host: &amp;apos;qaint&amp;apos;, ip: &amp;apos;89.0.1.156&amp;apos;, os.name: &amp;apos;Windows Server 2012&amp;apos;, os.arch: &amp;apos;amd64&amp;apos;, os.version: &amp;apos;6.2&amp;apos;, java.version: &amp;apos;1.8.0_171&amp;apos;
Driver info: org.openqa.selenium.chrome.ChromeDriver
Capabilities [{applicationCacheEnabled=false, rotatable=false, mobileEmulationEnabled=false, networkConnectionEnabled=false, chrome={chromedriverVersion=2.39.562718 (9a2698cba08cf5a471a29d30c8b3e12becabb0e9), userDataDir=C:\Users\SSREEN~1\AppData\Local\Temp\4\scoped_dir11644_29171}, takesHeapSnapshot=true, pageLoadStrategy=normal, databaseEnabled=false, handlesAlerts=true, hasTouchScreen=false, version=75.0.3770.142, platform=WIN8, browserConnectionEnabled=false, nativeEvents=true, acceptSslCerts=false, acceptInsecureCerts=false, locationContextEnabled=true, webStorageEnabled=true, browserName=chrome, takesScreenshot=true, javascriptEnabled=true, cssSelectorsEnabled=true, setWindowRect=true, unexpectedAlertBehaviour=}]
Session ID: 1d4e1890e8f68e0e1e5636fc708cc9b2">
      <![CDATA[org.openqa.selenium.WebDriverException: unknown error: Element <button tabindex="-1" class="jss194 jss195 jss213 jss224 jss225 jss227 jss228 jss233" type="submit" disabled="" id="btnLoginButtonLogin" style="padding: 0px 30px;">...</button> is not clickable at point (1380, 505). Other element would receive the click: <div id="divLoginButtonLogin" style="text-align: right;">...</div>
  (Session info: chrome=75.0.3770.142)
  (Driver info: chromedriver=2.39.562718 (9a2698cba08cf5a471a29d30c8b3e12becabb0e9),platform=Windows NT 6.2.9200 x86_64) (WARNING: The server did not provide any stacktrace information)
Command duration or timeout: 67 milliseconds
Build info: version: '2.53.0', revision: '35ae25b1534ae328c771e0856c93e187490ca824', time: '2016-03-15 10:43:46'
System info: host: 'qaint', ip: '89.0.1.156', os.name: 'Windows Server 2012', os.arch: 'amd64', os.version: '6.2', java.version: '1.8.0_171'
Driver info: org.openqa.selenium.chrome.ChromeDriver
Capabilities [{applicationCacheEnabled=false, rotatable=false, mobileEmulationEnabled=false, networkConnectionEnabled=false, chrome={chromedriverVersion=2.39.562718 (9a2698cba08cf5a471a29d30c8b3e12becabb0e9), userDataDir=C:\Users\SSREEN~1\AppData\Local\Temp\4\scoped_dir11644_29171}, takesHeapSnapshot=true, pageLoadStrategy=normal, databaseEnabled=false, handlesAlerts=true, hasTouchScreen=false, version=75.0.3770.142, platform=WIN8, browserConnectionEnabled=false, nativeEvents=true, acceptSslCerts=false, acceptInsecureCerts=false, locationContextEnabled=true, webStorageEnabled=true, browserName=chrome, takesScreenshot=true, javascriptEnabled=true, cssSelectorsEnabled=true, setWindowRect=true, unexpectedAlertBehaviour=}]
Session ID: 1d4e1890e8f68e0e1e5636fc708cc9b2
at org.openqa.selenium.remote.ErrorHandler.createThrowable(ErrorHandler.java:206)
at org.openqa.selenium.remote.ErrorHandler.throwIfResponseFailed(ErrorHandler.java:158)
at org.openqa.selenium.remote.RemoteWebDriver.execute(RemoteWebDriver.java:678)
at org.openqa.selenium.remote.RemoteWebElement.execute(RemoteWebElement.java:327)
at org.openqa.selenium.remote.RemoteWebElement.click(RemoteWebElement.java:85)
at clo.AddaNewReturn.login(AddaNewReturn.java:194)
... Removed 28 stack frames]]>
    </failure>
  </testcase> <!-- @BeforeTest login -->
  <testcase name="@AfterClass teardown" time="0.0" classname="clo.AddaNewReturn">
    <skipped/>
  </testcase> <!-- @AfterClass teardown -->
  <testcase name="addareturn" time="0.0" classname="clo.AddaNewReturn">
    <skipped/>
  </testcase> <!-- addareturn -->
</testsuite> <!-- testinqa -->
