<?xml version="1.0" encoding="UTF-8"?>
<!-- Generated by org.testng.reporters.JUnitXMLReporter -->
<testsuite hostname="qaint" ignored="0" name="testindev" tests="1" failures="0" timestamp="10 Jul 2019 22:27:32 GMT" time="16.416" errors="0">
  <testcase name="@BeforeTest login" time="16.385" classname="clo.AddaNewReturn">
    <failure type="java.lang.NullPointerException">
      <![CDATA[java.lang.NullPointerException
at clo.AddaNewReturn.login(AddaNewReturn.java:196)
... Removed 24 stack frames]]>
    </failure>
  </testcase> <!-- @BeforeTest login -->
  <testcase name="@AfterClass teardown" time="0.0" classname="clo.AddaNewReturn">
    <skipped/>
  </testcase> <!-- @AfterClass teardown -->
  <testcase name="addareturn" time="0.0" classname="clo.AddaNewReturn">
    <skipped/>
  </testcase> <!-- addareturn -->
</testsuite> <!-- testindev -->
