<?xml version="1.0" encoding="UTF-8"?>
<testng-results skipped="0" failed="0" ignored="0" total="1" passed="1">
  <reporter-output>
  </reporter-output>
  <suite name="Suite2" duration-ms="19831" started-at="2019-09-18T21:52:44Z" finished-at="2019-09-18T21:53:04Z">
    <groups>
    </groups>
    <test name="Test2" duration-ms="19831" started-at="2019-09-18T21:52:44Z" finished-at="2019-09-18T21:53:04Z">
      <class name="clo.LoginPage">
        <test-method status="PASS" signature="loginPositive()[pri:3, instance:clo.LoginPage@6025e1b6]" name="loginPositive" duration-ms="19784" started-at="2019-09-18T21:52:44Z" finished-at="2019-09-18T21:53:04Z">
          <reporter-output>
          </reporter-output>
        </test-method> <!-- loginPositive -->
      </class> <!-- clo.LoginPage -->
    </test> <!-- Test2 -->
  </suite> <!-- Suite2 -->
</testng-results>
