<?xml version="1.0" encoding="UTF-8"?>
<testng-results skipped="0" failed="0" ignored="0" total="24" passed="24">
  <reporter-output>
  </reporter-output>
  <suite name="Default suite" duration-ms="73562" started-at="2019-09-11T17:34:17Z" finished-at="2019-09-11T17:35:31Z">
    <groups>
    </groups>
    <test name="Default test" duration-ms="73562" started-at="2019-09-11T17:34:17Z" finished-at="2019-09-11T17:35:31Z">
      <class name="clo.DatabaseSettings">
        <test-method status="PASS" signature="login()[pri:0, instance:clo.DatabaseSettings@c730b35]" name="login" is-config="true" duration-ms="10318" started-at="2019-09-11T17:34:17Z" finished-at="2019-09-11T17:34:27Z">
          <reporter-output>
          </reporter-output>
        </test-method> <!-- login -->
        <test-method status="PASS" signature="dbAddCity()[pri:22, instance:clo.DatabaseSettings@c730b35]" name="dbAddCity" duration-ms="5314" started-at="2019-09-11T17:34:27Z" finished-at="2019-09-11T17:34:33Z">
          <reporter-output>
          </reporter-output>
        </test-method> <!-- dbAddCity -->
        <test-method status="PASS" signature="dbEditCity()[pri:23, instance:clo.DatabaseSettings@c730b35]" name="dbEditCity" duration-ms="1811" started-at="2019-09-11T17:34:33Z" finished-at="2019-09-11T17:34:35Z">
          <reporter-output>
          </reporter-output>
        </test-method> <!-- dbEditCity -->
        <test-method status="PASS" signature="dbDeleteCity()[pri:24, instance:clo.DatabaseSettings@c730b35]" name="dbDeleteCity" duration-ms="4318" started-at="2019-09-11T17:34:35Z" finished-at="2019-09-11T17:34:39Z">
          <reporter-output>
          </reporter-output>
        </test-method> <!-- dbDeleteCity -->
        <test-method status="PASS" signature="dbaddEmployer()[pri:25, instance:clo.DatabaseSettings@c730b35]" name="dbaddEmployer" duration-ms="4109" started-at="2019-09-11T17:34:39Z" finished-at="2019-09-11T17:34:43Z">
          <reporter-output>
          </reporter-output>
        </test-method> <!-- dbaddEmployer -->
        <test-method status="PASS" signature="dbeditEmployer()[pri:26, instance:clo.DatabaseSettings@c730b35]" name="dbeditEmployer" duration-ms="3197" started-at="2019-09-11T17:34:43Z" finished-at="2019-09-11T17:34:46Z">
          <reporter-output>
          </reporter-output>
        </test-method> <!-- dbeditEmployer -->
        <test-method status="PASS" signature="dbDeleteEmployer()[pri:27, instance:clo.DatabaseSettings@c730b35]" name="dbDeleteEmployer" duration-ms="2335" started-at="2019-09-11T17:34:46Z" finished-at="2019-09-11T17:34:49Z">
          <reporter-output>
          </reporter-output>
        </test-method> <!-- dbDeleteEmployer -->
        <test-method status="PASS" signature="dbaddCareProvider()[pri:28, instance:clo.DatabaseSettings@c730b35]" name="dbaddCareProvider" duration-ms="3246" started-at="2019-09-11T17:34:49Z" finished-at="2019-09-11T17:34:52Z">
          <reporter-output>
          </reporter-output>
        </test-method> <!-- dbaddCareProvider -->
        <test-method status="PASS" signature="dbeditCareProvider()[pri:29, instance:clo.DatabaseSettings@c730b35]" name="dbeditCareProvider" duration-ms="2304" started-at="2019-09-11T17:34:52Z" finished-at="2019-09-11T17:34:54Z">
          <reporter-output>
          </reporter-output>
        </test-method> <!-- dbeditCareProvider -->
        <test-method status="PASS" signature="dbDeleteCareProvider()[pri:30, instance:clo.DatabaseSettings@c730b35]" name="dbDeleteCareProvider" duration-ms="2285" started-at="2019-09-11T17:34:54Z" finished-at="2019-09-11T17:34:56Z">
          <reporter-output>
          </reporter-output>
        </test-method> <!-- dbDeleteCareProvider -->
        <test-method status="PASS" signature="dbaddReferrals()[pri:31, instance:clo.DatabaseSettings@c730b35]" name="dbaddReferrals" duration-ms="1841" started-at="2019-09-11T17:34:56Z" finished-at="2019-09-11T17:34:58Z">
          <reporter-output>
          </reporter-output>
        </test-method> <!-- dbaddReferrals -->
        <test-method status="PASS" signature="dbeditReferrals()[pri:32, instance:clo.DatabaseSettings@c730b35]" name="dbeditReferrals" duration-ms="1564" started-at="2019-09-11T17:34:58Z" finished-at="2019-09-11T17:35:00Z">
          <reporter-output>
          </reporter-output>
        </test-method> <!-- dbeditReferrals -->
        <test-method status="PASS" signature="dbDeleteReferrals()[pri:33, instance:clo.DatabaseSettings@c730b35]" name="dbDeleteReferrals" duration-ms="2347" started-at="2019-09-11T17:35:00Z" finished-at="2019-09-11T17:35:02Z">
          <reporter-output>
          </reporter-output>
        </test-method> <!-- dbDeleteReferrals -->
        <test-method status="PASS" signature="dbaddDonee()[pri:34, instance:clo.DatabaseSettings@c730b35]" name="dbaddDonee" duration-ms="2743" started-at="2019-09-11T17:35:02Z" finished-at="2019-09-11T17:35:05Z">
          <reporter-output>
          </reporter-output>
        </test-method> <!-- dbaddDonee -->
        <test-method status="PASS" signature="dbeditDonee()[pri:35, instance:clo.DatabaseSettings@c730b35]" name="dbeditDonee" duration-ms="2501" started-at="2019-09-11T17:35:05Z" finished-at="2019-09-11T17:35:07Z">
          <reporter-output>
          </reporter-output>
        </test-method> <!-- dbeditDonee -->
        <test-method status="PASS" signature="dbDeleteDonee()[pri:36, instance:clo.DatabaseSettings@c730b35]" name="dbDeleteDonee" duration-ms="2255" started-at="2019-09-11T17:35:07Z" finished-at="2019-09-11T17:35:10Z">
          <reporter-output>
          </reporter-output>
        </test-method> <!-- dbDeleteDonee -->
        <test-method status="PASS" signature="dbaddBankRTN()[pri:37, instance:clo.DatabaseSettings@c730b35]" name="dbaddBankRTN" duration-ms="1737" started-at="2019-09-11T17:35:10Z" finished-at="2019-09-11T17:35:11Z">
          <reporter-output>
          </reporter-output>
        </test-method> <!-- dbaddBankRTN -->
        <test-method status="PASS" signature="dbeditBankRTN()[pri:38, instance:clo.DatabaseSettings@c730b35]" name="dbeditBankRTN" duration-ms="1619" started-at="2019-09-11T17:35:11Z" finished-at="2019-09-11T17:35:13Z">
          <reporter-output>
          </reporter-output>
        </test-method> <!-- dbeditBankRTN -->
        <test-method status="PASS" signature="dbDeleteBankRTN()[pri:39, instance:clo.DatabaseSettings@c730b35]" name="dbDeleteBankRTN" duration-ms="2296" started-at="2019-09-11T17:35:13Z" finished-at="2019-09-11T17:35:15Z">
          <reporter-output>
          </reporter-output>
        </test-method> <!-- dbDeleteBankRTN -->
        <test-method status="PASS" signature="dbaddOccupations()[pri:40, instance:clo.DatabaseSettings@c730b35]" name="dbaddOccupations" duration-ms="1781" started-at="2019-09-11T17:35:15Z" finished-at="2019-09-11T17:35:17Z">
          <reporter-output>
          </reporter-output>
        </test-method> <!-- dbaddOccupations -->
        <test-method status="PASS" signature="dbeditOccupations()[pri:41, instance:clo.DatabaseSettings@c730b35]" name="dbeditOccupations" duration-ms="1668" started-at="2019-09-11T17:35:17Z" finished-at="2019-09-11T17:35:19Z">
          <reporter-output>
          </reporter-output>
        </test-method> <!-- dbeditOccupations -->
        <test-method status="PASS" signature="dbDeleteOccupations()[pri:42, instance:clo.DatabaseSettings@c730b35]" name="dbDeleteOccupations" duration-ms="2264" started-at="2019-09-11T17:35:19Z" finished-at="2019-09-11T17:35:21Z">
          <reporter-output>
          </reporter-output>
        </test-method> <!-- dbDeleteOccupations -->
        <test-method status="PASS" signature="dbaddEducationalInstitute()[pri:43, instance:clo.DatabaseSettings@c730b35]" name="dbaddEducationalInstitute" duration-ms="2779" started-at="2019-09-11T17:35:21Z" finished-at="2019-09-11T17:35:24Z">
          <reporter-output>
          </reporter-output>
        </test-method> <!-- dbaddEducationalInstitute -->
        <test-method status="PASS" signature="dbeditEducationalInstitute()[pri:44, instance:clo.DatabaseSettings@c730b35]" name="dbeditEducationalInstitute" duration-ms="1866" started-at="2019-09-11T17:35:24Z" finished-at="2019-09-11T17:35:26Z">
          <reporter-output>
          </reporter-output>
        </test-method> <!-- dbeditEducationalInstitute -->
        <test-method status="PASS" signature="dbDeleteEducationalInstitute()[pri:45, instance:clo.DatabaseSettings@c730b35]" name="dbDeleteEducationalInstitute" duration-ms="4627" started-at="2019-09-11T17:35:26Z" finished-at="2019-09-11T17:35:30Z">
          <reporter-output>
          </reporter-output>
        </test-method> <!-- dbDeleteEducationalInstitute -->
        <test-method status="PASS" signature="teardown()[pri:0, instance:clo.DatabaseSettings@c730b35]" name="teardown" is-config="true" duration-ms="387" started-at="2019-09-11T17:35:30Z" finished-at="2019-09-11T17:35:31Z">
          <reporter-output>
          </reporter-output>
        </test-method> <!-- teardown -->
      </class> <!-- clo.DatabaseSettings -->
    </test> <!-- Default test -->
  </suite> <!-- Default suite -->
</testng-results>
